Connected to nogal on port 41109 at Tue Dec 12 15:12:13 2023
CLIENT SENDED HOLA
 at nogal on PORT 41109
SERVER SENDED 250 ¿Cuántos metros mide una pista de atletismo?#5
 at nogal on PORT 41109
CLIENT SENDED RESPUESTA no lo se
 at nogal on PORT 41109
SERVER SENDED 500 Error de sintaxis#4
 at nogal on PORT 41109
CLIENT SENDED RESPUESTA 67
 at nogal on PORT 41109
SERVER SENDED 354 MENOR#3
 at nogal on PORT 41109
CLIENT SENDED RESPUESTA 110
 at nogal on PORT 41109
SERVER SENDED 354 MENOR#2
 at nogal on PORT 41109
CLIENT SENDED RESPUESTA 220
 at nogal on PORT 41109
SERVER SENDED 354 MENOR#1
 at nogal on PORT 41109
CLIENT SENDED +
 at nogal on PORT 41109
SERVER SENDED 345 INCREMENTADO 1 INTENTO
 at nogal on PORT 41109
CLIENT SENDED RESPUESTA 51
 at nogal on PORT 41109
SERVER SENDED 354 MENOR#1
 at nogal on PORT 41109
CLIENT SENDED RESPUESTA 110
 at nogal on PORT 41109
SERVER SENDED 354 MENOR#0
 at nogal on PORT 41109
CLIENT SENDED RESPUESTA 554
 at nogal on PORT 41109
SERVER SENDED 375 FALLO
 at nogal on PORT 41109
